Drill report for NanoPulse.kicad_pcb
Created on 2025-08-10T03:17:10-0400

Copper Layer Stackup:
    =============================================================
    L1 :  F.Cu                      front
    L2 :  In1.Cu                    in1
    L3 :  In2.Cu                    in2
    L4 :  B.Cu                      back


Drill file 'NanoPulse.drl' contains
    plated through holes:
    =============================================================
    T1  0.300mm  0.0118"  (265 holes)
    T2  0.600mm  0.0236"  (2 holes)  (with 2 slots)
    T3  0.850mm  0.0335"  (2 holes)
    T4  1.200mm  0.0472"  (3 holes)

    Total plated holes count 272


Not plated through holes are merged with plated holes
    unplated through holes:
    =============================================================

    Total unplated holes count 0
